生成启动时间为 2018/9/7 11:02:51。
     1>项目“C:\Users\dd\Desktop\教学事务管理0.7\教学事务管理0.3\教学事务管理0.2\教学事务管理0.1\教学事务管理\教学事务管理\教学事务管理.vcxproj”在节点 2 上(build 个目标)。
     1>InitializeBuildStatus:
         正在创建“Debug\教学事务管理.unsuccessfulbuild”，因为已指定“AlwaysCreate”。
       ClCompile:
         所有输出均为最新。
         e:\Program Files\Microsoft Visual Studio 10.0\VC\bin\CL.exe /c /ZI /nologo /W3 /WX- /Od /Oy- /D WIN32 /D _WINDOWS /D _DEBUG /D _MBCS /D _AFXDLL /Gm /EHsc /RTC1 /MDd /GS /fp:precise /Zc:wchar_t /Zc:forScope /Yu"StdAfx.h" /Fp"Debug\教学事务管理.pch" /Fo"Debug\\" /Fd"Debug\vc100.pdb" /Gd /TP /analyze- /errorReport:prompt "教学事务管理View.cpp"
         教学事务管理View.cpp
     1>c:\users\dd\desktop\教学事务管理0.7\教学事务管理0.3\教学事务管理0.2\教学事务管理0.1\教学事务管理\教学事务管理\教学事务管理view.cpp(16): warning C4067: 预处理器指令后有意外标记 - 应输入换行符
     1>c:\users\dd\desktop\教学事务管理0.7\教学事务管理0.3\教学事务管理0.2\教学事务管理0.1\教学事务管理\教学事务管理\教学事务管理view.cpp(351): warning C4258: “n”: 忽略 For 循环中的定义；使用封闭范围中的定义
                 c:\users\dd\desktop\教学事务管理0.7\教学事务管理0.3\教学事务管理0.2\教学事务管理0.1\教学事务管理\教学事务管理\教学事务管理view.cpp(349) : 忽略“n”的定义
                 c:\users\dd\desktop\教学事务管理0.7\教学事务管理0.3\教学事务管理0.2\教学事务管理0.1\教学事务管理\教学事务管理\教学事务管理view.cpp(320) : 使用“n”的定义
     1>c:\users\dd\desktop\教学事务管理0.7\教学事务管理0.3\教学事务管理0.2\教学事务管理0.1\教学事务管理\教学事务管理\教学事务管理view.cpp(365): warning C4258: “n”: 忽略 For 循环中的定义；使用封闭范围中的定义
                 c:\users\dd\desktop\教学事务管理0.7\教学事务管理0.3\教学事务管理0.2\教学事务管理0.1\教学事务管理\教学事务管理\教学事务管理view.cpp(356) : 忽略“n”的定义
                 c:\users\dd\desktop\教学事务管理0.7\教学事务管理0.3\教学事务管理0.2\教学事务管理0.1\教学事务管理\教学事务管理\教学事务管理view.cpp(320) : 使用“n”的定义
       ResourceCompile:
         所有输出均为最新。
       ManifestResourceCompile:
         所有输出均为最新。
       Link:
         e:\Program Files\Microsoft Visual Studio 10.0\VC\bin\link.exe /ERRORREPORT:PROMPT /OUT:"C:\Users\dd\Desktop\教学事务管理0.7\教学事务管理0.3\教学事务管理0.2\教学事务管理0.1\教学事务管理\Debug\教学事务管理.exe" /INCREMENTAL /NOLOGO /MANIFEST /ManifestFile:"Debug\教学事务管理.exe.intermediate.manifest" /MANIFESTUAC:"level='asInvoker' uiAccess='false'" /DEBUG /PDB:"C:\Users\dd\Desktop\教学事务管理0.7\教学事务管理0.3\教学事务管理0.2\教学事务管理0.1\教学事务管理\Debug\教学事务管理.pdb" /SUBSYSTEM:WINDOWS /TLBID:1 /DYNAMICBASE /NXCOMPAT /IMPLIB:"C:\Users\dd\Desktop\教学事务管理0.7\教学事务管理0.3\教学事务管理0.2\教学事务管理0.1\教学事务管理\Debug\教学事务管理.lib" /MACHINE:X86 "Debug\教学事务管理.res"
         "Debug\教学事务管理.exe.embed.manifest.res"
         Debug\ChooseDlg.obj
         Debug\ClassView.obj
         Debug\CTable.obj
         Debug\EditDlg.obj
         Debug\FileView.obj
         Debug\MainFrm.obj
         Debug\OutputWnd.obj
         Debug\PropertiesWnd.obj
         Debug\ScoreDlg.obj
         Debug\ShowClassDlg.obj
         Debug\ShowCourseDlg.obj
         Debug\ShowFallDlg.obj
         Debug\ShowIndividual.obj
         Debug\SignDlg.obj
         Debug\stdafx.obj
         Debug\Student.obj
         Debug\ViewTree.obj
         "Debug\教学事务管理.obj"
         "Debug\教学事务管理Doc.obj"
         "Debug\教学事务管理View.obj"
       Manifest:
         C:\Program Files\Microsoft SDKs\Windows\v7.0A\bin\mt.exe /nologo /verbose /out:"Debug\教学事务管理.exe.embed.manifest" /manifest "Debug\教学事务管理.exe.intermediate.manifest" "e:\Program Files\Microsoft Visual Studio 10.0\VC\Include\Manifest\dpiaware.manifest"
         所有输出均为最新。
       LinkEmbedManifest:
         所有输出均为最新。
         教学事务管理.vcxproj -> C:\Users\dd\Desktop\教学事务管理0.7\教学事务管理0.3\教学事务管理0.2\教学事务管理0.1\教学事务管理\Debug\教学事务管理.exe
       FinalizeBuildStatus:
         正在删除文件“Debug\教学事务管理.unsuccessfulbuild”。
         正在对“Debug\教学事务管理.lastbuildstate”执行 Touch 任务。
     1>已完成生成项目“C:\Users\dd\Desktop\教学事务管理0.7\教学事务管理0.3\教学事务管理0.2\教学事务管理0.1\教学事务管理\教学事务管理\教学事务管理.vcxproj”(build 个目标)的操作。

生成成功。

已用时间 00:00:00.82
